<?xml version="1.0" encoding="UTF-8"?>
<!-- Generated by org.testng.reporters.JUnitReportReporter -->
<testsuite hostname="DESKTOP-0QTH8JH" failures="0" tests="1" name="org.example.testRunner.Runners" time="30.880" errors="0" timestamp="2023-09-02T19:21:20 EET" skipped="0">
  <testcase classname="org.example.testRunner.Runners" name="runScenario" time="30.880"/>
</testsuite> <!-- org.example.testRunner.Runners -->
